C:\USERS\LLOYD\DOCUMENTS\RAYTRACER\DEBUG\CAMERA.OBJ
C:\Users\lloyd\Documents\RayTracer\Debug\cl.command.1.tlog
C:\Users\lloyd\Documents\RayTracer\Debug\CL.read.1.tlog
C:\Users\lloyd\Documents\RayTracer\Debug\CL.write.1.tlog
C:\USERS\LLOYD\DOCUMENTS\RAYTRACER\DEBUG\COLOR.OBJ
C:\Users\lloyd\Documents\RayTracer\Debug\link.4720.read.1.tlog
C:\Users\lloyd\Documents\RayTracer\Debug\link.4720.write.1.tlog
C:\Users\lloyd\Documents\RayTracer\Debug\link.4720-cvtres.read.1.tlog
C:\Users\lloyd\Documents\RayTracer\Debug\link.4720-cvtres.write.1.tlog
C:\Users\lloyd\Documents\RayTracer\Debug\link.command.1.tlog
C:\Users\lloyd\Documents\RayTracer\Debug\link.read.1.tlog
C:\Users\lloyd\Documents\RayTracer\Debug\link.write.1.tlog
C:\Users\lloyd\Documents\RayTracer\Debug\link-cvtres.read.1.tlog
C:\Users\lloyd\Documents\RayTracer\Debug\link-cvtres.write.1.tlog
C:\USERS\LLOYD\DOCUMENTS\RAYTRACER\DEBUG\MAIN.OBJ
C:\Users\lloyd\Documents\RayTracer\Debug\mt.command.1.tlog
C:\Users\lloyd\Documents\RayTracer\Debug\mt.read.1.tlog
C:\Users\lloyd\Documents\RayTracer\Debug\mt.write.1.tlog
C:\USERS\LLOYD\DOCUMENTS\RAYTRACER\DEBUG\RAYTRACER.EXE
C:\USERS\LLOYD\DOCUMENTS\RAYTRACER\DEBUG\RAYTRACER.EXE.EMBED.MANIFEST
C:\USERS\LLOYD\DOCUMENTS\RAYTRACER\DEBUG\RAYTRACER.EXE.EMBED.MANIFEST.RES
C:\USERS\LLOYD\DOCUMENTS\RAYTRACER\DEBUG\RAYTRACER.EXE.INTERMEDIATE.MANIFEST
C:\USERS\LLOYD\DOCUMENTS\RAYTRACER\DEBUG\RAYTRACER.ILK
C:\USERS\LLOYD\DOCUMENTS\RAYTRACER\DEBUG\RAYTRACER.PDB
C:\Users\lloyd\Documents\RayTracer\Debug\RayTracer.write.1.tlog
C:\Users\lloyd\Documents\RayTracer\Debug\RayTracer_manifest.rc
C:\Users\lloyd\Documents\RayTracer\Debug\rc.command.1.tlog
C:\Users\lloyd\Documents\RayTracer\Debug\rc.read.1.tlog
C:\Users\lloyd\Documents\RayTracer\Debug\rc.write.1.tlog
C:\USERS\LLOYD\DOCUMENTS\RAYTRACER\DEBUG\SCENE.OBJ
C:\USERS\LLOYD\DOCUMENTS\RAYTRACER\DEBUG\SPHERE.OBJ
C:\Users\lloyd\Documents\RayTracer\Debug\vc100.idb
C:\USERS\LLOYD\DOCUMENTS\RAYTRACER\DEBUG\VC100.PDB
C:\USERS\LLOYD\DOCUMENTS\RAYTRACER\DEBUG\VECTOR3.OBJ
