2014/04/01 12:27:03 にビルドを開始しました。
     1>ノード 2 上のプロジェクト "C:\Users\lloyd\Documents\RayTracer\RayTracer.vcxproj" (build ターゲット)。
     1>InitializeBuildStatus:
         "AlwaysCreate" が指定されたため "Debug\RayTracer.unsuccessfulbuild" を作成しています。
       ClCompile:
         C:\Program Files (x86)\Microsoft Visual Studio 10.0\VC\bin\CL.exe /c /ZI /nologo /W3 /WX- /Od /Oy- /D WIN32 /D _DEBUG /D _CONSOLE /D _UNICODE /D UNICODE /Gm /EHsc /RTC1 /MDd /GS /fp:precise /Zc:wchar_t /Zc:forScope /Fo"Debug\\" /Fd"Debug\vc100.pdb" /Gd /TP /analyze- /errorReport:prompt Sourcefiles\Camera.cpp Sourcefiles\Color.cpp Sourcefiles\main.cpp Sourcefiles\Scene.cpp Sourcefiles\Sphere.cpp Sourcefiles\Vector3.cpp
         Vector3.cpp
         Sphere.cpp
     1>c:\users\lloyd\documents\raytracer\sourcefiles\sphere.cpp(7): warning C4172: ローカル変数またはテンポラリのアドレスを返します。
         Scene.cpp
         main.cpp
         Color.cpp
         Camera.cpp
     1>c:\users\lloyd\documents\raytracer\sourcefiles\camera.cpp(17): warning C4244: '=' : 'double' から 'float' への変換です。データが失われる可能性があります。
         コードを生成中...
       ManifestResourceCompile:
         C:\Program Files (x86)\Microsoft SDKs\Windows\v7.0A\bin\rc.exe /nologo /fo"Debug\RayTracer.exe.embed.manifest.res" Debug\RayTracer_manifest.rc 
       Link:
         C:\Program Files (x86)\Microsoft Visual Studio 10.0\VC\bin\link.exe /ERRORREPORT:PROMPT /OUT:"C:\Users\lloyd\Documents\RayTracer\Debug\RayTracer.exe" /INCREMENTAL /NOLOGO kernel32.lib user32.lib gdi32.lib winspool.lib comdlg32.lib advapi32.lib shell32.lib ole32.lib oleaut32.lib uuid.lib odbc32.lib odbccp32.lib /MANIFEST /ManifestFile:"Debug\RayTracer.exe.intermediate.manifest" /MANIFESTUAC:"level='asInvoker' uiAccess='false'" /DEBUG /PDB:"C:\Users\lloyd\Documents\RayTracer\Debug\RayTracer.pdb" /SUBSYSTEM:CONSOLE /TLBID:1 /DYNAMICBASE /NXCOMPAT /IMPLIB:"C:\Users\lloyd\Documents\RayTracer\Debug\RayTracer.lib" /MACHINE:X86 Debug\RayTracer.exe.embed.manifest.res
         Debug\Camera.obj
         Debug\Color.obj
         Debug\main.obj
         Debug\Scene.obj
         Debug\Sphere.obj
         Debug\Vector3.obj
       Manifest:
         C:\Program Files (x86)\Microsoft SDKs\Windows\v7.0A\bin\mt.exe /nologo /verbose /out:"Debug\RayTracer.exe.embed.manifest" /manifest Debug\RayTracer.exe.intermediate.manifest
         C:\Program Files (x86)\Microsoft SDKs\Windows\v7.0A\bin\rc.exe /nologo /fo"Debug\RayTracer.exe.embed.manifest.res" Debug\RayTracer_manifest.rc 
       LinkEmbedManifest:
         C:\Program Files (x86)\Microsoft Visual Studio 10.0\VC\bin\link.exe /ERRORREPORT:PROMPT /OUT:"C:\Users\lloyd\Documents\RayTracer\Debug\RayTracer.exe" /INCREMENTAL /NOLOGO kernel32.lib user32.lib gdi32.lib winspool.lib comdlg32.lib advapi32.lib shell32.lib ole32.lib oleaut32.lib uuid.lib odbc32.lib odbccp32.lib /MANIFEST /ManifestFile:"Debug\RayTracer.exe.intermediate.manifest" /MANIFESTUAC:"level='asInvoker' uiAccess='false'" /DEBUG /PDB:"C:\Users\lloyd\Documents\RayTracer\Debug\RayTracer.pdb" /SUBSYSTEM:CONSOLE /TLBID:1 /DYNAMICBASE /NXCOMPAT /IMPLIB:"C:\Users\lloyd\Documents\RayTracer\Debug\RayTracer.lib" /MACHINE:X86 Debug\RayTracer.exe.embed.manifest.res
         Debug\Camera.obj
         Debug\Color.obj
         Debug\main.obj
         Debug\Scene.obj
         Debug\Sphere.obj
         Debug\Vector3.obj
         RayTracer.vcxproj -> C:\Users\lloyd\Documents\RayTracer\Debug\RayTracer.exe
       FinalizeBuildStatus:
         ファイル "Debug\RayTracer.unsuccessfulbuild" を削除しています。
         "Debug\RayTracer.lastbuildstate" のタッチ タスクを実行しています。
     1>プロジェクト "C:\Users\lloyd\Documents\RayTracer\RayTracer.vcxproj" (build ターゲット) のビルドが完了しました。

ビルドに成功しました。

経過時間 00:00:03.45
